<?xml version="1.0" encoding="UTF-8" ?>
<testsuites>
  <testsuite errors="0" failures="0" hostname="Admin-PC" id="0" name="CategorySpec" package="musement" tests="1" time="0.639" timestamp="2014-01-30T09:47:04">
      <properties />

      <testcase classname="musement.CategorySpec" name="verify category name can not be empty" time="0.618" />

      <system-out><![CDATA[--Output from verify category name can not be empty--
]]></system-out>

      <system-err><![CDATA[--Output from verify category name can not be empty--
]]></system-err>

  </testsuite>
</testsuites>
